nohup: ignoring input
=> Booting Puma
=> Rails 6.1.5 application starting in development 
=> Run `bin/rails server --help` for more startup options
Puma starting in single mode...
* Puma version: 5.6.2 (ruby 3.0.2-p107) ("Birdie's Version")
*  Min threads: 5
*  Max threads: 5
*  Environment: development
*          PID: 13506
* Listening on http://127.0.0.1:3000
* Listening on http://[::1]:3000
Use Ctrl-C to stop
Started GET "/" for 114.160.6.80 at 2022-04-09 11:09:37 +0000
Cannot render console from 114.160.6.80! Allowed networks: 127.0.0.0/127.255.255.255, ::1
  [1m[35m (0.5ms)[0m  [1m[34mSELECT sqlite_version(*)[0m
  [1m[35m (0.2ms)[0m  [1m[34mSELECT "schema_migrations"."version" FROM "schema_migrations" ORDER BY "schema_migrations"."version" ASC[0m
Processing by PagesController#top as HTML
  [1m[36mUser Load (0.2ms)[0m  [1m[34mSELECT "users".* FROM "users" WHERE "users"."jwt_token" IS NULL LIMIT ?[0m  [["LIMIT", 1]]
  ↳ app/controllers/application_controller.rb:17:in `get_user'
  Rendering layout layouts/application.html.erb
  Rendering pages/top.html.erb within layouts/application
  [1m[35m (0.1ms)[0m  [1m[34mSELECT COUNT(*) FROM "contests" WHERE (starts_at < '2022-04-09 11:09:37.099751' AND ends_at > '2022-04-09 11:09:37.099754')[0m
  ↳ app/views/pages/top.html.erb:27
  [1m[36mContest Load (0.3ms)[0m  [1m[34mSELECT "contests".* FROM "contests" WHERE (starts_at < '2022-04-09 11:09:37.102622' AND ends_at > '2022-04-09 11:09:37.102625') ORDER BY "contests"."starts_at" DESC LIMIT ?[0m  [["LIMIT", 5]]
  ↳ app/views/pages/top.html.erb:37
  [1m[35m (0.1ms)[0m  [1m[34mSELECT COUNT(*) FROM "contests" WHERE (starts_at > '2022-04-09 11:09:37.104552')[0m
  ↳ app/views/pages/top.html.erb:48
  [1m[36mContest Load (0.3ms)[0m  [1m[34mSELECT "contests".* FROM "contests" WHERE (starts_at > '2022-04-09 11:09:37.105886') ORDER BY "contests"."starts_at" DESC LIMIT ?[0m  [["LIMIT", 5]]
  ↳ app/views/pages/top.html.erb:58
  Rendered pages/_contest.html.erb (Duration: 1.2ms | Allocations: 701)
  [1m[36mRegion Load (113.8ms)[0m  [1m[34mSELECT "regions".* FROM "regions"[0m
  ↳ app/views/pages/top.html.erb:78
  [1m[35m (0.2ms)[0m  [1m[34mSELECT COUNT(*) FROM "observations" INNER JOIN "observations_regions" ON "observations"."id" = "observations_regions"."observation_id" WHERE "observations_regions"."region_id" = ?[0m  [["region_id", 107]]
  ↳ app/views/pages/_statistics.html.erb:3
  Rendered pages/_statistics.html.erb (Duration: 19.8ms | Allocations: 14264)
  Rendered pages/_region.html.erb (Duration: 21.6ms | Allocations: 14911)
  [1m[35m (0.1ms)[0m  [1m[34mSELECT COUNT(*) FROM "observations" INNER JOIN "observations_regions" ON "observations"."id" = "observations_regions"."observation_id" WHERE "observations_regions"."region_id" = ?[0m  [["region_id", 108]]
  ↳ app/views/pages/_statistics.html.erb:3
  Rendered pages/_statistics.html.erb (Duration: 1.5ms | Allocations: 929)
  Rendered pages/_region.html.erb (Duration: 2.1ms | Allocations: 1007)
  [1m[35m (0.1ms)[0m  [1m[34mSELECT COUNT(*) FROM "observations" INNER JOIN "observations_regions" ON "observations"."id" = "observations_regions"."observation_id" WHERE "observations_regions"."region_id" = ?[0m  [["region_id", 109]]
  ↳ app/views/pages/_statistics.html.erb:3
  Rendered pages/_statistics.html.erb (Duration: 1.4ms | Allocations: 857)
  Rendered pages/_region.html.erb (Duration: 1.9ms | Allocations: 931)
  [1m[35m (0.1ms)[0m  [1m[34mSELECT COUNT(*) FROM "observations" INNER JOIN "observations_regions" ON "observations"."id" = "observations_regions"."observation_id" WHERE "observations_regions"."region_id" = ?[0m  [["region_id", 110]]
  ↳ app/views/pages/_statistics.html.erb:3
  Rendered pages/_statistics.html.erb (Duration: 1.3ms | Allocations: 857)
  Rendered pages/_region.html.erb (Duration: 1.5ms | Allocations: 928)
  [1m[35m (0.1ms)[0m  [1m[34mSELECT COUNT(*) FROM "observations" INNER JOIN "observations_regions" ON "observations"."id" = "observations_regions"."observation_id" WHERE "observations_regions"."region_id" = ?[0m  [["region_id", 111]]
  ↳ app/views/pages/_statistics.html.erb:3
  Rendered pages/_statistics.html.erb (Duration: 1.4ms | Allocations: 857)
  Rendered pages/_region.html.erb (Duration: 2.8ms | Allocations: 930)
  [1m[35m (0.1ms)[0m  [1m[34mSELECT COUNT(*) FROM "observations" INNER JOIN "observations_regions" ON "observations"."id" = "observations_regions"."observation_id" WHERE "observations_regions"."region_id" = ?[0m  [["region_id", 112]]
  ↳ app/views/pages/_statistics.html.erb:3
  Rendered pages/_statistics.html.erb (Duration: 1.4ms | Allocations: 857)
  Rendered pages/_region.html.erb (Duration: 2.8ms | Allocations: 930)
  [1m[35m (0.1ms)[0m  [1m[34mSELECT COUNT(*) FROM "observations" INNER JOIN "observations_regions" ON "observations"."id" = "observations_regions"."observation_id" WHERE "observations_regions"."region_id" = ?[0m  [["region_id", 113]]
  ↳ app/views/pages/_statistics.html.erb:3
  Rendered pages/_statistics.html.erb (Duration: 1.4ms | Allocations: 857)
  Rendered pages/_region.html.erb (Duration: 1.6ms | Allocations: 930)
  [1m[35m (0.1ms)[0m  [1m[34mSELECT COUNT(*) FROM "observations" INNER JOIN "observations_regions" ON "observations"."id" = "observations_regions"."observation_id" WHERE "observations_regions"."region_id" = ?[0m  [["region_id", 114]]
  ↳ app/views/pages/_statistics.html.erb:3
  Rendered pages/_statistics.html.erb (Duration: 1.3ms | Allocations: 857)
  Rendered pages/_region.html.erb (Duration: 1.5ms | Allocations: 930)
  [1m[35m (0.1ms)[0m  [1m[34mSELECT COUNT(*) FROM "observations" INNER JOIN "observations_regions" ON "observations"."id" = "observations_regions"."observation_id" WHERE "observations_regions"."region_id" = ?[0m  [["region_id", 115]]
  ↳ app/views/pages/_statistics.html.erb:3
  Rendered pages/_statistics.html.erb (Duration: 1.3ms | Allocations: 875)
  Rendered pages/_region.html.erb (Duration: 1.6ms | Allocations: 948)
  [1m[35m (0.1ms)[0m  [1m[34mSELECT COUNT(*) FROM "observations" INNER JOIN "observations_regions" ON "observations"."id" = "observations_regions"."observation_id" WHERE "observations_regions"."region_id" = ?[0m  [["region_id", 116]]
  ↳ app/views/pages/_statistics.html.erb:3
  Rendered pages/_statistics.html.erb (Duration: 1.3ms | Allocations: 857)
  Rendered pages/_region.html.erb (Duration: 1.5ms | Allocations: 932)
  [1m[35m (0.1ms)[0m  [1m[34mSELECT COUNT(*) FROM "observations" INNER JOIN "observations_regions" ON "observations"."id" = "observations_regions"."observation_id" WHERE "observations_regions"."region_id" = ?[0m  [["region_id", 117]]
  ↳ app/views/pages/_statistics.html.erb:3
  Rendered pages/_statistics.html.erb (Duration: 1.3ms | Allocations: 857)
  Rendered pages/_region.html.erb (Duration: 1.7ms | Allocations: 931)
  [1m[35m (0.1ms)[0m  [1m[34mSELECT COUNT(*) FROM "observations" INNER JOIN "observations_regions" ON "observations"."id" = "observations_regions"."observation_id" WHERE "observations_regions"."region_id" = ?[0m  [["region_id", 118]]
  ↳ app/views/pages/_statistics.html.erb:3
  Rendered pages/_statistics.html.erb (Duration: 1.3ms | Allocations: 857)
  Rendered pages/_region.html.erb (Duration: 1.6ms | Allocations: 930)
  [1m[35m (0.1ms)[0m  [1m[34mSELECT COUNT(*) FROM "observations" INNER JOIN "observations_regions" ON "observations"."id" = "observations_regions"."observation_id" WHERE "observations_regions"."region_id" = ?[0m  [["region_id", 119]]
  ↳ app/views/pages/_statistics.html.erb:3
  Rendered pages/_statistics.html.erb (Duration: 1.3ms | Allocations: 857)
  Rendered pages/_region.html.erb (Duration: 1.5ms | Allocations: 930)
  [1m[35m (0.2ms)[0m  [1m[34mSELECT COUNT(*) FROM "observations" INNER JOIN "observations_regions" ON "observations"."id" = "observations_regions"."observation_id" WHERE "observations_regions"."region_id" = ?[0m  [["region_id", 120]]
  ↳ app/views/pages/_statistics.html.erb:3
  Rendered pages/_statistics.html.erb (Duration: 2.0ms | Allocations: 858)
  Rendered pages/_region.html.erb (Duration: 91.3ms | Allocations: 932)
  [1m[35m (0.2ms)[0m  [1m[34mSELECT COUNT(*) FROM "observations" INNER JOIN "observations_regions" ON "observations"."id" = "observations_regions"."observation_id" WHERE "observations_regions"."region_id" = ?[0m  [["region_id", 121]]
  ↳ app/views/pages/_statistics.html.erb:3
  Rendered pages/_statistics.html.erb (Duration: 1.5ms | Allocations: 857)
  Rendered pages/_region.html.erb (Duration: 2.0ms | Allocations: 930)
  [1m[35m (0.1ms)[0m  [1m[34mSELECT COUNT(*) FROM "observations" INNER JOIN "observations_regions" ON "observations"."id" = "observations_regions"."observation_id" WHERE "observations_regions"."region_id" = ?[0m  [["region_id", 122]]
  ↳ app/views/pages/_statistics.html.erb:3
  Rendered pages/_statistics.html.erb (Duration: 1.3ms | Allocations: 857)
  Rendered pages/_region.html.erb (Duration: 1.6ms | Allocations: 931)
  [1m[35m (0.1ms)[0m  [1m[34mSELECT COUNT(*) FROM "observations" INNER JOIN "observations_regions" ON "observations"."id" = "observations_regions"."observation_id" WHERE "observations_regions"."region_id" = ?[0m  [["region_id", 123]]
  ↳ app/views/pages/_statistics.html.erb:3
  Rendered pages/_statistics.html.erb (Duration: 1.3ms | Allocations: 857)
  Rendered pages/_region.html.erb (Duration: 1.7ms | Allocations: 931)
  [1m[35m (0.1ms)[0m  [1m[34mSELECT COUNT(*) FROM "observations" INNER JOIN "observations_regions" ON "observations"."id" = "observations_regions"."observation_id" WHERE "observations_regions"."region_id" = ?[0m  [["region_id", 124]]
  ↳ app/views/pages/_statistics.html.erb:3
  Rendered pages/_statistics.html.erb (Duration: 1.4ms | Allocations: 857)
  Rendered pages/_region.html.erb (Duration: 2.8ms | Allocations: 931)
  [1m[35m (0.1ms)[0m  [1m[34mSELECT COUNT(*) FROM "observations" INNER JOIN "observations_regions" ON "observations"."id" = "observations_regions"."observation_id" WHERE "observations_regions"."region_id" = ?[0m  [["region_id", 125]]
  ↳ app/views/pages/_statistics.html.erb:3
  Rendered pages/_statistics.html.erb (Duration: 1.4ms | Allocations: 857)
  Rendered pages/_region.html.erb (Duration: 2.5ms | Allocations: 931)
  [1m[35m (0.1ms)[0m  [1m[34mSELECT COUNT(*) FROM "observations" INNER JOIN "observations_regions" ON "observations"."id" = "observations_regions"."observation_id" WHERE "observations_regions"."region_id" = ?[0m  [["region_id", 126]]
  ↳ app/views/pages/_statistics.html.erb:3
  Rendered pages/_statistics.html.erb (Duration: 1.3ms | Allocations: 857)
  Rendered pages/_region.html.erb (Duration: 1.8ms | Allocations: 930)
  [1m[35m (0.1ms)[0m  [1m[34mSELECT COUNT(*) FROM "observations" INNER JOIN "observations_regions" ON "observations"."id" = "observations_regions"."observation_id" WHERE "observations_regions"."region_id" = ?[0m  [["region_id", 127]]
  ↳ app/views/pages/_statistics.html.erb:3
  Rendered pages/_statistics.html.erb (Duration: 1.4ms | Allocations: 857)
  Rendered pages/_region.html.erb (Duration: 2.4ms | Allocations: 930)
  [1m[35m (0.1ms)[0m  [1m[34mSELECT COUNT(*) FROM "contests" WHERE (ends_at < '2022-04-09 11:09:37.431614')[0m
  ↳ app/views/pages/top.html.erb:88
  [1m[36mContest Load (0.2ms)[0m  [1m[34mSELECT "contests".* FROM "contests" WHERE (ends_at < '2022-04-09 11:09:37.432692') ORDER BY "contests"."starts_at" DESC LIMIT ?[0m  [["LIMIT", 5]]
  ↳ app/views/pages/top.html.erb:98
  [1m[36mObservation Load (0.2ms)[0m  [1m[34mSELECT "observations".* FROM "observations" ORDER BY "observations"."created_at" DESC LIMIT ?[0m  [["LIMIT", 33]]
  ↳ app/views/pages/top.html.erb:109
  Rendered pages/_recent_sightings.html.erb (Duration: 0.5ms | Allocations: 180)
  Rendered pages/top.html.erb within layouts/application (Duration: 345.6ms | Allocations: 75154)
  Rendered pages/_signup_modal.html.erb (Duration: 0.7ms | Allocations: 249)
  Rendered pages/_profile_modal.html.erb (Duration: 0.7ms | Allocations: 499)
  Rendered layout layouts/application.html.erb (Duration: 6450.3ms | Allocations: 388016)
Completed 200 OK in 6495ms (Views: 6334.1ms | ActiveRecord: 120.8ms | Allocations: 401959)


